{"total": {"lines":{"total":1007,"covered":692,"skipped":0,"pct":68.71},"statements":{"total":1171,"covered":802,"skipped":0,"pct":68.48},"functions":{"total":214,"covered":122,"skipped":0,"pct":57},"branches":{"total":216,"covered":132,"skipped":0,"pct":61.11},"branchesTrue":{"total":0,"covered":0,"skipped":0,"pct":100}}
,"C:\\Users\\jorge\\OneDrive\\Desktop\\ProyectoCitas\\backend\\src\\app.module.ts": {"lines":{"total":23,"covered":0,"skipped":0,"pct":0},"functions":{"total":1,"covered":0,"skipped":0,"pct":0},"statements":{"total":25,"covered":0,"skipped":0,"pct":0},"branches":{"total":3,"covered":0,"skipped":0,"pct":0}}
,"C:\\Users\\jorge\\OneDrive\\Desktop\\ProyectoCitas\\backend\\src\\health.controller.ts": {"lines":{"total":5,"covered":0,"skipped":0,"pct":0},"functions":{"total":1,"covered":0,"skipped":0,"pct":0},"statements":{"total":7,"covered":0,"skipped":0,"pct":0},"branches":{"total":0,"covered":0,"skipped":0,"pct":100}}
,"C:\\Users\\jorge\\OneDrive\\Desktop\\ProyectoCitas\\backend\\src\\main.ts": {"lines":{"total":20,"covered":0,"skipped":0,"pct":0},"functions":{"total":1,"covered":0,"skipped":0,"pct":0},"statements":{"total":20,"covered":0,"skipped":0,"pct":0},"branches":{"total":4,"covered":0,"skipped":0,"pct":0}}
,"C:\\Users\\jorge\\OneDrive\\Desktop\\ProyectoCitas\\backend\\src\\appointments\\appointments.controller.ts": {"lines":{"total":38,"covered":0,"skipped":0,"pct":0},"functions":{"total":13,"covered":0,"skipped":0,"pct":0},"statements":{"total":40,"covered":0,"skipped":0,"pct":0},"branches":{"total":0,"covered":0,"skipped":0,"pct":100}}
,"C:\\Users\\jorge\\OneDrive\\Desktop\\ProyectoCitas\\backend\\src\\appointments\\appointments.module.ts": {"lines":{"total":10,"covered":0,"skipped":0,"pct":0},"functions":{"total":0,"covered":0,"skipped":0,"pct":100},"statements":{"total":12,"covered":0,"skipped":0,"pct":0},"branches":{"total":0,"covered":0,"skipped":0,"pct":100}}
,"C:\\Users\\jorge\\OneDrive\\Desktop\\ProyectoCitas\\backend\\src\\appointments\\appointments.service.ts": {"lines":{"total":85,"covered":45,"skipped":0,"pct":52.94},"functions":{"total":16,"covered":4,"skipped":0,"pct":25},"statements":{"total":100,"covered":53,"skipped":0,"pct":53},"branches":{"total":19,"covered":8,"skipped":0,"pct":42.1}}
,"C:\\Users\\jorge\\OneDrive\\Desktop\\ProyectoCitas\\backend\\src\\appointments\\schedule.service.ts": {"lines":{"total":24,"covered":6,"skipped":0,"pct":25},"functions":{"total":8,"covered":0,"skipped":0,"pct":0},"statements":{"total":29,"covered":8,"skipped":0,"pct":27.58},"branches":{"total":12,"covered":0,"skipped":0,"pct":0}}
,"C:\\Users\\jorge\\OneDrive\\Desktop\\ProyectoCitas\\backend\\src\\appointments\\time-off.service.ts": {"lines":{"total":14,"covered":5,"skipped":0,"pct":35.71},"functions":{"total":5,"covered":0,"skipped":0,"pct":0},"statements":{"total":18,"covered":7,"skipped":0,"pct":38.88},"branches":{"total":8,"covered":0,"skipped":0,"pct":0}}
,"C:\\Users\\jorge\\OneDrive\\Desktop\\ProyectoCitas\\backend\\src\\appointments\\dto\\availability-query.dto.ts": {"lines":{"total":7,"covered":0,"skipped":0,"pct":0},"functions":{"total":1,"covered":0,"skipped":0,"pct":0},"statements":{"total":7,"covered":0,"skipped":0,"pct":0},"branches":{"total":0,"covered":0,"skipped":0,"pct":100}}
,"C:\\Users\\jorge\\OneDrive\\Desktop\\ProyectoCitas\\backend\\src\\appointments\\dto\\create-appointment.dto.ts": {"lines":{"total":6,"covered":0,"skipped":0,"pct":0},"functions":{"total":0,"covered":0,"skipped":0,"pct":100},"statements":{"total":6,"covered":0,"skipped":0,"pct":0},"branches":{"total":0,"covered":0,"skipped":0,"pct":100}}
,"C:\\Users\\jorge\\OneDrive\\Desktop\\ProyectoCitas\\backend\\src\\appointments\\dto\\create-time-off.dto.ts": {"lines":{"total":4,"covered":0,"skipped":0,"pct":0},"functions":{"total":0,"covered":0,"skipped":0,"pct":100},"statements":{"total":4,"covered":0,"skipped":0,"pct":0},"branches":{"total":0,"covered":0,"skipped":0,"pct":100}}
,"C:\\Users\\jorge\\OneDrive\\Desktop\\ProyectoCitas\\backend\\src\\appointments\\dto\\index.ts": {"lines":{"total":5,"covered":0,"skipped":0,"pct":0},"functions":{"total":6,"covered":0,"skipped":0,"pct":0},"statements":{"total":11,"covered":0,"skipped":0,"pct":0},"branches":{"total":0,"covered":0,"skipped":0,"pct":100}}
,"C:\\Users\\jorge\\OneDrive\\Desktop\\ProyectoCitas\\backend\\src\\appointments\\dto\\update-appointment-status.dto.ts": {"lines":{"total":4,"covered":0,"skipped":0,"pct":0},"functions":{"total":0,"covered":0,"skipped":0,"pct":100},"statements":{"total":4,"covered":0,"skipped":0,"pct":0},"branches":{"total":0,"covered":0,"skipped":0,"pct":100}}
,"C:\\Users\\jorge\\OneDrive\\Desktop\\ProyectoCitas\\backend\\src\\appointments\\dto\\update-schedule.dto.ts": {"lines":{"total":12,"covered":0,"skipped":0,"pct":0},"functions":{"total":1,"covered":0,"skipped":0,"pct":0},"statements":{"total":12,"covered":0,"skipped":0,"pct":0},"branches":{"total":0,"covered":0,"skipped":0,"pct":100}}
,"C:\\Users\\jorge\\OneDrive\\Desktop\\ProyectoCitas\\backend\\src\\appointments\\entities\\appointment-item.entity.ts": {"lines":{"total":12,"covered":10,"skipped":0,"pct":83.33},"functions":{"total":3,"covered":0,"skipped":0,"pct":0},"statements":{"total":15,"covered":12,"skipped":0,"pct":80},"branches":{"total":0,"covered":0,"skipped":0,"pct":100}}
,"C:\\Users\\jorge\\OneDrive\\Desktop\\ProyectoCitas\\backend\\src\\appointments\\entities\\appointment.entity.ts": {"lines":{"total":25,"covered":22,"skipped":0,"pct":88},"functions":{"total":7,"covered":1,"skipped":0,"pct":14.28},"statements":{"total":30,"covered":24,"skipped":0,"pct":80},"branches":{"total":2,"covered":2,"skipped":0,"pct":100}}
,"C:\\Users\\jorge\\OneDrive\\Desktop\\ProyectoCitas\\backend\\src\\appointments\\entities\\availability-rule.entity.ts": {"lines":{"total":8,"covered":8,"skipped":0,"pct":100},"functions":{"total":0,"covered":0,"skipped":0,"pct":100},"statements":{"total":10,"covered":10,"skipped":0,"pct":100},"branches":{"total":0,"covered":0,"skipped":0,"pct":100}}
,"C:\\Users\\jorge\\OneDrive\\Desktop\\ProyectoCitas\\backend\\src\\appointments\\entities\\index.ts": {"lines":{"total":4,"covered":4,"skipped":0,"pct":100},"functions":{"total":5,"covered":5,"skipped":0,"pct":100},"statements":{"total":9,"covered":9,"skipped":0,"pct":100},"branches":{"total":0,"covered":0,"skipped":0,"pct":100}}
,"C:\\Users\\jorge\\OneDrive\\Desktop\\ProyectoCitas\\backend\\src\\appointments\\entities\\time-off.entity.ts": {"lines":{"total":7,"covered":7,"skipped":0,"pct":100},"functions":{"total":0,"covered":0,"skipped":0,"pct":100},"statements":{"total":9,"covered":9,"skipped":0,"pct":100},"branches":{"total":0,"covered":0,"skipped":0,"pct":100}}
,"C:\\Users\\jorge\\OneDrive\\Desktop\\ProyectoCitas\\backend\\src\\appointments\\events\\appointment-created.event.ts": {"lines":{"total":3,"covered":2,"skipped":0,"pct":66.66},"functions":{"total":1,"covered":0,"skipped":0,"pct":0},"statements":{"total":3,"covered":2,"skipped":0,"pct":66.66},"branches":{"total":0,"covered":0,"skipped":0,"pct":100}}
,"C:\\Users\\jorge\\OneDrive\\Desktop\\ProyectoCitas\\backend\\src\\appointments\\helpers\\time.helper.ts": {"lines":{"total":9,"covered":9,"skipped":0,"pct":100},"functions":{"total":3,"covered":3,"skipped":0,"pct":100},"statements":{"total":12,"covered":12,"skipped":0,"pct":100},"branches":{"total":2,"covered":2,"skipped":0,"pct":100}}
,"C:\\Users\\jorge\\OneDrive\\Desktop\\ProyectoCitas\\backend\\src\\auth\\auth.controller.ts": {"lines":{"total":21,"covered":21,"skipped":0,"pct":100},"functions":{"total":7,"covered":7,"skipped":0,"pct":100},"statements":{"total":23,"covered":23,"skipped":0,"pct":100},"branches":{"total":0,"covered":0,"skipped":0,"pct":100}}
,"C:\\Users\\jorge\\OneDrive\\Desktop\\ProyectoCitas\\backend\\src\\auth\\auth.module.ts": {"lines":{"total":12,"covered":0,"skipped":0,"pct":0},"functions":{"total":1,"covered":0,"skipped":0,"pct":0},"statements":{"total":14,"covered":0,"skipped":0,"pct":0},"branches":{"total":2,"covered":0,"skipped":0,"pct":0}}
,"C:\\Users\\jorge\\OneDrive\\Desktop\\ProyectoCitas\\backend\\src\\auth\\auth.service.ts": {"lines":{"total":63,"covered":47,"skipped":0,"pct":74.6},"functions":{"total":9,"covered":6,"skipped":0,"pct":66.66},"statements":{"total":68,"covered":50,"skipped":0,"pct":73.52},"branches":{"total":30,"covered":18,"skipped":0,"pct":60}}
,"C:\\Users\\jorge\\OneDrive\\Desktop\\ProyectoCitas\\backend\\src\\auth\\google-oauth.provider.ts": {"lines":{"total":5,"covered":4,"skipped":0,"pct":80},"functions":{"total":1,"covered":0,"skipped":0,"pct":0},"statements":{"total":5,"covered":4,"skipped":0,"pct":80},"branches":{"total":0,"covered":0,"skipped":0,"pct":100}}
,"C:\\Users\\jorge\\OneDrive\\Desktop\\ProyectoCitas\\backend\\src\\auth\\decorators\\auth.decorator.ts": {"lines":{"total":6,"covered":6,"skipped":0,"pct":100},"functions":{"total":1,"covered":1,"skipped":0,"pct":100},"statements":{"total":6,"covered":6,"skipped":0,"pct":100},"branches":{"total":0,"covered":0,"skipped":0,"pct":100}}
,"C:\\Users\\jorge\\OneDrive\\Desktop\\ProyectoCitas\\backend\\src\\auth\\decorators\\get-user.decorator.ts": {"lines":{"total":7,"covered":2,"skipped":0,"pct":28.57},"functions":{"total":1,"covered":0,"skipped":0,"pct":0},"statements":{"total":7,"covered":2,"skipped":0,"pct":28.57},"branches":{"total":3,"covered":0,"skipped":0,"pct":0}}
,"C:\\Users\\jorge\\OneDrive\\Desktop\\ProyectoCitas\\backend\\src\\auth\\decorators\\index.ts": {"lines":{"total":3,"covered":3,"skipped":0,"pct":100},"functions":{"total":4,"covered":2,"skipped":0,"pct":50},"statements":{"total":7,"covered":7,"skipped":0,"pct":100},"branches":{"total":0,"covered":0,"skipped":0,"pct":100}}
,"C:\\Users\\jorge\\OneDrive\\Desktop\\ProyectoCitas\\backend\\src\\auth\\decorators\\role-protected.decorator.ts": {"lines":{"total":4,"covered":4,"skipped":0,"pct":100},"functions":{"total":1,"covered":1,"skipped":0,"pct":100},"statements":{"total":5,"covered":5,"skipped":0,"pct":100},"branches":{"total":0,"covered":0,"skipped":0,"pct":100}}
,"C:\\Users\\jorge\\OneDrive\\Desktop\\ProyectoCitas\\backend\\src\\auth\\dto\\change-password.dto.ts": {"lines":{"total":4,"covered":4,"skipped":0,"pct":100},"functions":{"total":0,"covered":0,"skipped":0,"pct":100},"statements":{"total":4,"covered":4,"skipped":0,"pct":100},"branches":{"total":0,"covered":0,"skipped":0,"pct":100}}
,"C:\\Users\\jorge\\OneDrive\\Desktop\\ProyectoCitas\\backend\\src\\auth\\dto\\create-user.dto.ts": {"lines":{"total":6,"covered":6,"skipped":0,"pct":100},"functions":{"total":0,"covered":0,"skipped":0,"pct":100},"statements":{"total":6,"covered":6,"skipped":0,"pct":100},"branches":{"total":0,"covered":0,"skipped":0,"pct":100}}
,"C:\\Users\\jorge\\OneDrive\\Desktop\\ProyectoCitas\\backend\\src\\auth\\dto\\google-login.dto.ts": {"lines":{"total":3,"covered":3,"skipped":0,"pct":100},"functions":{"total":0,"covered":0,"skipped":0,"pct":100},"statements":{"total":3,"covered":3,"skipped":0,"pct":100},"branches":{"total":0,"covered":0,"skipped":0,"pct":100}}
,"C:\\Users\\jorge\\OneDrive\\Desktop\\ProyectoCitas\\backend\\src\\auth\\dto\\index.ts": {"lines":{"total":5,"covered":5,"skipped":0,"pct":100},"functions":{"total":5,"covered":5,"skipped":0,"pct":100},"statements":{"total":10,"covered":10,"skipped":0,"pct":100},"branches":{"total":0,"covered":0,"skipped":0,"pct":100}}
,"C:\\Users\\jorge\\OneDrive\\Desktop\\ProyectoCitas\\backend\\src\\auth\\dto\\login-user.dto.ts": {"lines":{"total":4,"covered":4,"skipped":0,"pct":100},"functions":{"total":0,"covered":0,"skipped":0,"pct":100},"statements":{"total":4,"covered":4,"skipped":0,"pct":100},"branches":{"total":0,"covered":0,"skipped":0,"pct":100}}
,"C:\\Users\\jorge\\OneDrive\\Desktop\\ProyectoCitas\\backend\\src\\auth\\dto\\update-profile.dto.ts": {"lines":{"total":4,"covered":4,"skipped":0,"pct":100},"functions":{"total":0,"covered":0,"skipped":0,"pct":100},"statements":{"total":4,"covered":4,"skipped":0,"pct":100},"branches":{"total":0,"covered":0,"skipped":0,"pct":100}}
,"C:\\Users\\jorge\\OneDrive\\Desktop\\ProyectoCitas\\backend\\src\\auth\\entities\\user.entity.ts": {"lines":{"total":18,"covered":15,"skipped":0,"pct":83.33},"functions":{"total":4,"covered":0,"skipped":0,"pct":0},"statements":{"total":21,"covered":17,"skipped":0,"pct":80.95},"branches":{"total":0,"covered":0,"skipped":0,"pct":100}}
,"C:\\Users\\jorge\\OneDrive\\Desktop\\ProyectoCitas\\backend\\src\\auth\\guards\\user-role.guard.ts": {"lines":{"total":11,"covered":11,"skipped":0,"pct":100},"functions":{"total":3,"covered":3,"skipped":0,"pct":100},"statements":{"total":17,"covered":17,"skipped":0,"pct":100},"branches":{"total":5,"covered":5,"skipped":0,"pct":100}}
,"C:\\Users\\jorge\\OneDrive\\Desktop\\ProyectoCitas\\backend\\src\\auth\\interfaces\\index.ts": {"lines":{"total":1,"covered":1,"skipped":0,"pct":100},"functions":{"total":1,"covered":1,"skipped":0,"pct":100},"statements":{"total":2,"covered":2,"skipped":0,"pct":100},"branches":{"total":0,"covered":0,"skipped":0,"pct":100}}
,"C:\\Users\\jorge\\OneDrive\\Desktop\\ProyectoCitas\\backend\\src\\auth\\interfaces\\valid-roles.ts": {"lines":{"total":3,"covered":3,"skipped":0,"pct":100},"functions":{"total":1,"covered":1,"skipped":0,"pct":100},"statements":{"total":3,"covered":3,"skipped":0,"pct":100},"branches":{"total":2,"covered":2,"skipped":0,"pct":100}}
,"C:\\Users\\jorge\\OneDrive\\Desktop\\ProyectoCitas\\backend\\src\\auth\\strategies\\jwt.strategy.ts": {"lines":{"total":16,"covered":16,"skipped":0,"pct":100},"functions":{"total":2,"covered":2,"skipped":0,"pct":100},"statements":{"total":19,"covered":19,"skipped":0,"pct":100},"branches":{"total":2,"covered":2,"skipped":0,"pct":100}}
,"C:\\Users\\jorge\\OneDrive\\Desktop\\ProyectoCitas\\backend\\src\\catalog\\catalog.controller.ts": {"lines":{"total":22,"covered":22,"skipped":0,"pct":100},"functions":{"total":7,"covered":7,"skipped":0,"pct":100},"statements":{"total":24,"covered":24,"skipped":0,"pct":100},"branches":{"total":0,"covered":0,"skipped":0,"pct":100}}
,"C:\\Users\\jorge\\OneDrive\\Desktop\\ProyectoCitas\\backend\\src\\catalog\\catalog.module.ts": {"lines":{"total":7,"covered":0,"skipped":0,"pct":0},"functions":{"total":0,"covered":0,"skipped":0,"pct":100},"statements":{"total":9,"covered":0,"skipped":0,"pct":0},"branches":{"total":0,"covered":0,"skipped":0,"pct":100}}
,"C:\\Users\\jorge\\OneDrive\\Desktop\\ProyectoCitas\\backend\\src\\catalog\\catalog.service.ts": {"lines":{"total":50,"covered":50,"skipped":0,"pct":100},"functions":{"total":12,"covered":12,"skipped":0,"pct":100},"statements":{"total":60,"covered":58,"skipped":0,"pct":96.66},"branches":{"total":19,"covered":17,"skipped":0,"pct":89.47}}
,"C:\\Users\\jorge\\OneDrive\\Desktop\\ProyectoCitas\\backend\\src\\catalog\\dto\\create-catalog-item.dto.ts": {"lines":{"total":8,"covered":7,"skipped":0,"pct":87.5},"functions":{"total":1,"covered":0,"skipped":0,"pct":0},"statements":{"total":8,"covered":7,"skipped":0,"pct":87.5},"branches":{"total":2,"covered":0,"skipped":0,"pct":0}}
,"C:\\Users\\jorge\\OneDrive\\Desktop\\ProyectoCitas\\backend\\src\\catalog\\dto\\index.ts": {"lines":{"total":2,"covered":2,"skipped":0,"pct":100},"functions":{"total":2,"covered":2,"skipped":0,"pct":100},"statements":{"total":4,"covered":4,"skipped":0,"pct":100},"branches":{"total":0,"covered":0,"skipped":0,"pct":100}}
,"C:\\Users\\jorge\\OneDrive\\Desktop\\ProyectoCitas\\backend\\src\\catalog\\dto\\update-catalog-item.dto.ts": {"lines":{"total":3,"covered":3,"skipped":0,"pct":100},"functions":{"total":0,"covered":0,"skipped":0,"pct":100},"statements":{"total":3,"covered":3,"skipped":0,"pct":100},"branches":{"total":0,"covered":0,"skipped":0,"pct":100}}
,"C:\\Users\\jorge\\OneDrive\\Desktop\\ProyectoCitas\\backend\\src\\catalog\\entities\\catalog-item.entity.ts": {"lines":{"total":10,"covered":9,"skipped":0,"pct":90},"functions":{"total":1,"covered":0,"skipped":0,"pct":0},"statements":{"total":12,"covered":11,"skipped":0,"pct":91.66},"branches":{"total":0,"covered":0,"skipped":0,"pct":100}}
,"C:\\Users\\jorge\\OneDrive\\Desktop\\ProyectoCitas\\backend\\src\\common\\common.module.ts": {"lines":{"total":7,"covered":0,"skipped":0,"pct":0},"functions":{"total":0,"covered":0,"skipped":0,"pct":100},"statements":{"total":9,"covered":0,"skipped":0,"pct":0},"branches":{"total":0,"covered":0,"skipped":0,"pct":100}}
,"C:\\Users\\jorge\\OneDrive\\Desktop\\ProyectoCitas\\backend\\src\\common\\dtos\\pagination.dto.ts": {"lines":{"total":15,"covered":11,"skipped":0,"pct":73.33},"functions":{"total":4,"covered":0,"skipped":0,"pct":0},"statements":{"total":15,"covered":11,"skipped":0,"pct":73.33},"branches":{"total":0,"covered":0,"skipped":0,"pct":100}}
,"C:\\Users\\jorge\\OneDrive\\Desktop\\ProyectoCitas\\backend\\src\\common\\entities\\idempotency-key.entity.ts": {"lines":{"total":11,"covered":10,"skipped":0,"pct":90.9},"functions":{"total":1,"covered":0,"skipped":0,"pct":0},"statements":{"total":13,"covered":12,"skipped":0,"pct":92.3},"branches":{"total":0,"covered":0,"skipped":0,"pct":100}}
,"C:\\Users\\jorge\\OneDrive\\Desktop\\ProyectoCitas\\backend\\src\\common\\filters\\database-exception.filter.ts": {"lines":{"total":22,"covered":20,"skipped":0,"pct":90.9},"functions":{"total":7,"covered":5,"skipped":0,"pct":71.42},"statements":{"total":24,"covered":22,"skipped":0,"pct":91.66},"branches":{"total":11,"covered":10,"skipped":0,"pct":90.9}}
,"C:\\Users\\jorge\\OneDrive\\Desktop\\ProyectoCitas\\backend\\src\\common\\interceptors\\idempotency.interceptor.ts": {"lines":{"total":45,"covered":43,"skipped":0,"pct":95.55},"functions":{"total":8,"covered":8,"skipped":0,"pct":100},"statements":{"total":54,"covered":51,"skipped":0,"pct":94.44},"branches":{"total":18,"covered":12,"skipped":0,"pct":66.66}}
,"C:\\Users\\jorge\\OneDrive\\Desktop\\ProyectoCitas\\backend\\src\\files\\files.controller.ts": {"lines":{"total":19,"covered":19,"skipped":0,"pct":100},"functions":{"total":3,"covered":3,"skipped":0,"pct":100},"statements":{"total":21,"covered":21,"skipped":0,"pct":100},"branches":{"total":1,"covered":1,"skipped":0,"pct":100}}
,"C:\\Users\\jorge\\OneDrive\\Desktop\\ProyectoCitas\\backend\\src\\files\\files.module.ts": {"lines":{"total":9,"covered":0,"skipped":0,"pct":0},"functions":{"total":0,"covered":0,"skipped":0,"pct":100},"statements":{"total":11,"covered":0,"skipped":0,"pct":0},"branches":{"total":1,"covered":0,"skipped":0,"pct":0}}
,"C:\\Users\\jorge\\OneDrive\\Desktop\\ProyectoCitas\\backend\\src\\files\\files.service.ts": {"lines":{"total":36,"covered":36,"skipped":0,"pct":100},"functions":{"total":4,"covered":4,"skipped":0,"pct":100},"statements":{"total":38,"covered":38,"skipped":0,"pct":100},"branches":{"total":12,"covered":8,"skipped":0,"pct":66.66}}
,"C:\\Users\\jorge\\OneDrive\\Desktop\\ProyectoCitas\\backend\\src\\files\\helpers\\file-filter.helper.ts": {"lines":{"total":5,"covered":2,"skipped":0,"pct":40},"functions":{"total":1,"covered":0,"skipped":0,"pct":0},"statements":{"total":7,"covered":3,"skipped":0,"pct":42.85},"branches":{"total":3,"covered":0,"skipped":0,"pct":0}}
,"C:\\Users\\jorge\\OneDrive\\Desktop\\ProyectoCitas\\backend\\src\\files\\helpers\\index.ts": {"lines":{"total":1,"covered":1,"skipped":0,"pct":100},"functions":{"total":1,"covered":1,"skipped":0,"pct":100},"statements":{"total":2,"covered":2,"skipped":0,"pct":100},"branches":{"total":0,"covered":0,"skipped":0,"pct":100}}
,"C:\\Users\\jorge\\OneDrive\\Desktop\\ProyectoCitas\\backend\\src\\files\\storage\\supabase-storage.service.ts": {"lines":{"total":30,"covered":29,"skipped":0,"pct":96.66},"functions":{"total":10,"covered":9,"skipped":0,"pct":90},"statements":{"total":34,"covered":32,"skipped":0,"pct":94.11},"branches":{"total":10,"covered":8,"skipped":0,"pct":80}}
,"C:\\Users\\jorge\\OneDrive\\Desktop\\ProyectoCitas\\backend\\src\\mail\\mail.module.ts": {"lines":{"total":6,"covered":0,"skipped":0,"pct":0},"functions":{"total":0,"covered":0,"skipped":0,"pct":100},"statements":{"total":8,"covered":0,"skipped":0,"pct":0},"branches":{"total":0,"covered":0,"skipped":0,"pct":100}}
,"C:\\Users\\jorge\\OneDrive\\Desktop\\ProyectoCitas\\backend\\src\\mail\\mail.service.ts": {"lines":{"total":14,"covered":14,"skipped":0,"pct":100},"functions":{"total":3,"covered":3,"skipped":0,"pct":100},"statements":{"total":17,"covered":17,"skipped":0,"pct":100},"branches":{"total":3,"covered":3,"skipped":0,"pct":100}}
,"C:\\Users\\jorge\\OneDrive\\Desktop\\ProyectoCitas\\backend\\src\\mail\\resend-mail-sender.service.ts": {"lines":{"total":15,"covered":15,"skipped":0,"pct":100},"functions":{"total":2,"covered":2,"skipped":0,"pct":100},"statements":{"total":17,"covered":17,"skipped":0,"pct":100},"branches":{"total":6,"covered":6,"skipped":0,"pct":100}}
,"C:\\Users\\jorge\\OneDrive\\Desktop\\ProyectoCitas\\backend\\src\\mail\\interfaces\\mail-sender.interface.ts": {"lines":{"total":1,"covered":1,"skipped":0,"pct":100},"functions":{"total":0,"covered":0,"skipped":0,"pct":100},"statements":{"total":1,"covered":1,"skipped":0,"pct":100},"branches":{"total":0,"covered":0,"skipped":0,"pct":100}}
,"C:\\Users\\jorge\\OneDrive\\Desktop\\ProyectoCitas\\backend\\src\\mail\\listeners\\appointment-created.listener.ts": {"lines":{"total":12,"covered":12,"skipped":0,"pct":100},"functions":{"total":2,"covered":2,"skipped":0,"pct":100},"statements":{"total":14,"covered":14,"skipped":0,"pct":100},"branches":{"total":2,"covered":1,"skipped":0,"pct":50}}
,"C:\\Users\\jorge\\OneDrive\\Desktop\\ProyectoCitas\\backend\\src\\mail\\templates\\new-appointment.template.ts": {"lines":{"total":13,"covered":13,"skipped":0,"pct":100},"functions":{"total":4,"covered":4,"skipped":0,"pct":100},"statements":{"total":14,"covered":14,"skipped":0,"pct":100},"branches":{"total":4,"covered":2,"skipped":0,"pct":50}}
,"C:\\Users\\jorge\\OneDrive\\Desktop\\ProyectoCitas\\backend\\src\\services\\services.controller.ts": {"lines":{"total":22,"covered":22,"skipped":0,"pct":100},"functions":{"total":7,"covered":7,"skipped":0,"pct":100},"statements":{"total":24,"covered":24,"skipped":0,"pct":100},"branches":{"total":0,"covered":0,"skipped":0,"pct":100}}
,"C:\\Users\\jorge\\OneDrive\\Desktop\\ProyectoCitas\\backend\\src\\services\\services.module.ts": {"lines":{"total":7,"covered":0,"skipped":0,"pct":0},"functions":{"total":0,"covered":0,"skipped":0,"pct":100},"statements":{"total":9,"covered":0,"skipped":0,"pct":0},"branches":{"total":0,"covered":0,"skipped":0,"pct":100}}
,"C:\\Users\\jorge\\OneDrive\\Desktop\\ProyectoCitas\\backend\\src\\services\\services.service.ts": {"lines":{"total":41,"covered":27,"skipped":0,"pct":65.85},"functions":{"total":10,"covered":6,"skipped":0,"pct":60},"statements":{"total":44,"covered":30,"skipped":0,"pct":68.18},"branches":{"total":17,"covered":14,"skipped":0,"pct":82.35}}
,"C:\\Users\\jorge\\OneDrive\\Desktop\\ProyectoCitas\\backend\\src\\services\\dto\\create-service.dto.ts": {"lines":{"total":12,"covered":12,"skipped":0,"pct":100},"functions":{"total":1,"covered":1,"skipped":0,"pct":100},"statements":{"total":12,"covered":12,"skipped":0,"pct":100},"branches":{"total":2,"covered":2,"skipped":0,"pct":100}}
,"C:\\Users\\jorge\\OneDrive\\Desktop\\ProyectoCitas\\backend\\src\\services\\dto\\index.ts": {"lines":{"total":2,"covered":2,"skipped":0,"pct":100},"functions":{"total":2,"covered":2,"skipped":0,"pct":100},"statements":{"total":4,"covered":4,"skipped":0,"pct":100},"branches":{"total":0,"covered":0,"skipped":0,"pct":100}}
,"C:\\Users\\jorge\\OneDrive\\Desktop\\ProyectoCitas\\backend\\src\\services\\dto\\update-service.dto.ts": {"lines":{"total":3,"covered":3,"skipped":0,"pct":100},"functions":{"total":0,"covered":0,"skipped":0,"pct":100},"statements":{"total":3,"covered":3,"skipped":0,"pct":100},"branches":{"total":0,"covered":0,"skipped":0,"pct":100}}
,"C:\\Users\\jorge\\OneDrive\\Desktop\\ProyectoCitas\\backend\\src\\services\\entities\\index.ts": {"lines":{"total":1,"covered":0,"skipped":0,"pct":0},"functions":{"total":1,"covered":0,"skipped":0,"pct":0},"statements":{"total":2,"covered":0,"skipped":0,"pct":0},"branches":{"total":0,"covered":0,"skipped":0,"pct":100}}
,"C:\\Users\\jorge\\OneDrive\\Desktop\\ProyectoCitas\\backend\\src\\services\\entities\\service.entity.ts": {"lines":{"total":21,"covered":16,"skipped":0,"pct":76.19},"functions":{"total":5,"covered":0,"skipped":0,"pct":0},"statements":{"total":26,"covered":18,"skipped":0,"pct":69.23},"branches":{"total":2,"covered":0,"skipped":0,"pct":0}}
,"C:\\Users\\jorge\\OneDrive\\Desktop\\ProyectoCitas\\backend\\src\\services\\helpers\\price-band.helper.ts": {"lines":{"total":14,"covered":14,"skipped":0,"pct":100},"functions":{"total":2,"covered":2,"skipped":0,"pct":100},"statements":{"total":17,"covered":17,"skipped":0,"pct":100},"branches":{"total":9,"covered":9,"skipped":0,"pct":100}}
}
