TN:
SF:backend/src/app.module.ts
FN:18,(anonymous_1)
FNF:1
FNH:0
FNDA:0,(anonymous_1)
DA:1,0
DA:2,0
DA:3,0
DA:4,0
DA:5,0
DA:6,0
DA:7,0
DA:9,0
DA:10,0
DA:11,0
DA:12,0
DA:13,0
DA:14,0
DA:15,0
DA:16,0
DA:18,0
DA:19,0
DA:29,0
DA:30,0
DA:31,0
DA:40,0
DA:41,0
DA:84,0
LF:23
LH:0
BRDA:30,0,0,0
BRDA:49,1,0,0
BRDA:49,1,1,0
BRF:3
BRH:0
end_of_record
TN:
SF:backend/src/health.controller.ts
FN:9,(anonymous_2)
FNF:1
FNH:0
FNDA:0,(anonymous_2)
DA:1,0
DA:2,0
DA:6,0
DA:9,0
DA:10,0
LF:5
LH:0
BRF:0
BRH:0
end_of_record
TN:
SF:backend/src/main.ts
FN:10,bootstrap
FNF:1
FNH:0
FNDA:0,bootstrap
DA:1,0
DA:2,0
DA:4,0
DA:6,0
DA:8,0
DA:11,0
DA:12,0
DA:15,0
DA:21,0
DA:28,0
DA:30,0
DA:35,0
DA:43,0
DA:49,0
DA:50,0
DA:52,0
DA:53,0
DA:54,0
DA:55,0
DA:57,0
LF:20
LH:0
BRDA:31,0,0,0
BRDA:31,0,1,0
BRDA:52,1,0,0
BRDA:52,1,1,0
BRF:4
BRH:0
end_of_record
TN:
SF:backend/src/appointments/appointments.controller.ts
FN:34,(anonymous_4)
FN:44,(anonymous_5)
FN:56,(anonymous_6)
FN:65,(anonymous_7)
FN:73,(anonymous_8)
FN:81,(anonymous_9)
FN:92,(anonymous_10)
FN:100,(anonymous_11)
FN:109,(anonymous_12)
FN:117,(anonymous_13)
FN:125,(anonymous_14)
FN:136,(anonymous_15)
FN:147,(anonymous_16)
FNF:13
FNH:0
FNDA:0,(anonymous_4)
FNDA:0,(anonymous_5)
FNDA:0,(anonymous_6)
FNDA:0,(anonymous_7)
FNDA:0,(anonymous_8)
FNDA:0,(anonymous_9)
FNDA:0,(anonymous_10)
FNDA:0,(anonymous_11)
FNDA:0,(anonymous_12)
FNDA:0,(anonymous_13)
FNDA:0,(anonymous_14)
FNDA:0,(anonymous_15)
FNDA:0,(anonymous_16)
DA:1,0
DA:14,0
DA:16,0
DA:17,0
DA:18,0
DA:19,0
DA:20,0
DA:27,0
DA:28,0
DA:29,0
DA:33,0
DA:35,0
DA:36,0
DA:37,0
DA:44,0
DA:45,0
DA:56,0
DA:57,0
DA:65,0
DA:66,0
DA:73,0
DA:74,0
DA:81,0
DA:82,0
DA:92,0
DA:93,0
DA:100,0
DA:101,0
DA:109,0
DA:110,0
DA:117,0
DA:118,0
DA:125,0
DA:126,0
DA:136,0
DA:140,0
DA:147,0
DA:151,0
LF:38
LH:0
BRF:0
BRH:0
end_of_record
TN:
SF:backend/src/appointments/appointments.module.ts
FNF:0
FNH:0
DA:1,0
DA:2,0
DA:4,0
DA:5,0
DA:6,0
DA:7,0
DA:8,0
DA:14,0
DA:15,0
DA:37,0
LF:10
LH:0
BRF:0
BRH:0
end_of_record
TN:
SF:backend/src/appointments/appointments.service.ts
FN:29,(anonymous_4)
FN:46,(anonymous_5)
FN:89,(anonymous_6)
FN:100,(anonymous_7)
FN:109,(anonymous_8)
FN:109,(anonymous_9)
FN:110,(anonymous_10)
FN:117,(anonymous_11)
FN:118,(anonymous_12)
FN:141,(anonymous_13)
FN:173,(anonymous_14)
FN:180,(anonymous_15)
FN:187,(anonymous_16)
FN:201,(anonymous_17)
FN:208,(anonymous_18)
FNF:15
FNH:3
FNDA:6,(anonymous_4)
FNDA:6,(anonymous_5)
FNDA:5,(anonymous_6)
FNDA:0,(anonymous_7)
FNDA:0,(anonymous_8)
FNDA:0,(anonymous_9)
FNDA:0,(anonymous_10)
FNDA:0,(anonymous_11)
FNDA:0,(anonymous_12)
FNDA:0,(anonymous_13)
FNDA:0,(anonymous_14)
FNDA:0,(anonymous_15)
FNDA:0,(anonymous_16)
FNDA:0,(anonymous_17)
FNDA:0,(anonymous_18)
DA:1,1
DA:6,1
DA:7,1
DA:8,1
DA:11,1
DA:13,1
DA:14,1
DA:18,1
DA:19,1
DA:20,1
DA:28,1
DA:31,6
DA:33,6
DA:35,6
DA:36,6
DA:37,6
DA:38,6
DA:51,6
DA:52,6
DA:53,5
DA:54,1
DA:58,4
DA:59,4
DA:61,4
DA:62,4
DA:64,3
DA:66,3
DA:69,3
DA:70,1
DA:73,3
DA:74,3
DA:75,1
DA:76,0
DA:79,2
DA:80,2
DA:81,2
DA:83,2
DA:84,2
DA:85,2
DA:86,2
DA:87,2
DA:88,10
DA:89,10
DA:90,5
DA:92,10
DA:96,2
DA:101,0
DA:103,0
DA:104,0
DA:105,0
DA:106,0
DA:109,0
DA:110,0
DA:111,0
DA:112,0
DA:116,0
DA:117,0
DA:118,0
DA:119,0
DA:121,0
DA:126,0
DA:127,0
DA:129,0
DA:131,0
DA:142,0
DA:150,0
DA:151,0
DA:155,0
DA:159,0
DA:161,0
DA:164,0
DA:169,0
DA:174,0
DA:181,0
DA:182,0
DA:183,0
DA:188,0
DA:189,0
DA:190,0
DA:194,0
DA:195,0
DA:202,0
DA:209,0
DA:210,0
DA:211,0
LF:85
LH:45
BRDA:49,0,0,6
BRDA:52,1,0,1
BRDA:53,2,0,1
BRDA:62,3,0,1
BRDA:75,4,0,1
BRDA:75,5,0,1
BRDA:75,5,1,0
BRDA:88,6,0,0
BRDA:88,7,0,10
BRDA:88,7,1,0
BRDA:92,8,0,7
BRDA:105,9,0,0
BRDA:111,10,0,0
BRDA:126,11,0,0
BRDA:155,12,0,0
BRDA:156,13,0,0
BRDA:156,13,1,0
BRDA:182,14,0,0
BRDA:189,15,0,0
BRF:19
BRH:8
end_of_record
TN:
SF:backend/src/appointments/schedule.service.ts
FN:12,(anonymous_4)
FN:18,(anonymous_5)
FN:20,(anonymous_6)
FN:21,(anonymous_7)
FN:33,(anonymous_8)
FN:51,(anonymous_9)
FN:52,(anonymous_10)
FN:67,(anonymous_11)
FNF:8
FNH:0
FNDA:0,(anonymous_4)
FNDA:0,(anonymous_5)
FNDA:0,(anonymous_6)
FNDA:0,(anonymous_7)
FNDA:0,(anonymous_8)
FNDA:0,(anonymous_9)
FNDA:0,(anonymous_10)
FNDA:0,(anonymous_11)
DA:1,1
DA:2,1
DA:3,1
DA:6,1
DA:7,1
DA:11,1
DA:14,0
DA:19,0
DA:20,0
DA:21,0
DA:22,0
DA:34,0
DA:35,0
DA:36,0
DA:37,0
DA:41,0
DA:42,0
DA:48,0
DA:50,0
DA:51,0
DA:53,0
DA:61,0
DA:63,0
DA:68,0
LF:24
LH:6
BRDA:24,0,0,0
BRDA:24,0,1,0
BRDA:25,1,0,0
BRDA:25,1,1,0
BRDA:26,2,0,0
BRDA:26,2,1,0
BRDA:27,3,0,0
BRDA:27,3,1,0
BRDA:35,4,0,0
BRDA:36,5,0,0
BRDA:41,6,0,0
BRDA:61,7,0,0
BRF:12
BRH:0
end_of_record
TN:
SF:backend/src/appointments/time-off.service.ts
FN:11,(anonymous_4)
FN:16,(anonymous_5)
FN:27,(anonymous_6)
FN:44,(anonymous_7)
FN:50,(anonymous_8)
FNF:5
FNH:0
FNDA:0,(anonymous_4)
FNDA:0,(anonymous_5)
FNDA:0,(anonymous_6)
FNDA:0,(anonymous_7)
FNDA:0,(anonymous_8)
DA:1,1
DA:2,1
DA:3,1
DA:6,1
DA:10,1
DA:13,0
DA:18,0
DA:23,0
DA:28,0
DA:32,0
DA:34,0
DA:45,0
DA:46,0
DA:51,0
LF:14
LH:5
BRDA:18,0,0,0
BRDA:18,0,1,0
BRDA:18,1,0,0
BRDA:18,1,1,0
BRDA:20,2,0,0
BRDA:20,2,1,0
BRDA:32,3,0,0
BRDA:46,4,0,0
BRF:8
BRH:0
end_of_record
TN:
SF:backend/src/appointments/dto/availability-query.dto.ts
FN:25,(anonymous_2)
FNF:1
FNH:0
FNDA:0,(anonymous_2)
DA:1,0
DA:2,0
DA:11,0
DA:14,0
DA:18,0
DA:25,0
DA:26,0
LF:7
LH:0
BRF:0
BRH:0
end_of_record
TN:
SF:backend/src/appointments/dto/create-appointment.dto.ts
FNF:0
FNH:0
DA:1,0
DA:13,0
DA:20,0
DA:23,0
DA:29,0
DA:33,0
LF:6
LH:0
BRF:0
BRH:0
end_of_record
TN:
SF:backend/src/appointments/dto/create-time-off.dto.ts
FNF:0
FNH:0
DA:1,0
DA:4,0
DA:6,0
DA:11,0
LF:4
LH:0
BRF:0
BRH:0
end_of_record
TN:
SF:backend/src/appointments/dto/index.ts
FN:1,(anonymous_0)
FN:2,(anonymous_1)
FN:3,(anonymous_2)
FN:4,(anonymous_3)
FN:4,(anonymous_4)
FN:5,(anonymous_5)
FNF:6
FNH:0
FNDA:0,(anonymous_0)
FNDA:0,(anonymous_1)
FNDA:0,(anonymous_2)
FNDA:0,(anonymous_3)
FNDA:0,(anonymous_4)
FNDA:0,(anonymous_5)
DA:1,0
DA:2,0
DA:3,0
DA:4,0
DA:5,0
LF:5
LH:0
BRF:0
BRH:0
end_of_record
TN:
SF:backend/src/appointments/dto/update-appointment-status.dto.ts
FNF:0
FNH:0
DA:1,0
DA:3,0
DA:5,0
DA:7,0
LF:4
LH:0
BRF:0
BRH:0
end_of_record
TN:
SF:backend/src/appointments/dto/update-schedule.dto.ts
FN:44,(anonymous_2)
FNF:1
FNH:0
FNDA:0,(anonymous_2)
DA:1,0
DA:2,0
DA:14,0
DA:16,0
DA:21,0
DA:24,0
DA:27,0
DA:33,0
DA:36,0
DA:39,0
DA:44,0
DA:45,0
LF:12
LH:0
BRF:0
BRH:0
end_of_record
TN:
SF:backend/src/appointments/entities/appointment-item.entity.ts
FN:20,(anonymous_2)
FN:20,(anonymous_3)
FN:25,(anonymous_4)
FNF:3
FNH:0
FNDA:0,(anonymous_2)
FNDA:0,(anonymous_3)
FNDA:0,(anonymous_4)
DA:1,9
DA:10,9
DA:11,9
DA:16,9
DA:18,9
DA:20,0
DA:23,9
DA:25,0
DA:30,9
DA:33,9
DA:36,9
DA:39,9
LF:12
LH:10
BRF:0
BRH:0
end_of_record
TN:
SF:backend/src/appointments/entities/appointment.entity.ts
FN:15,(anonymous_2)
FN:54,(anonymous_3)
FN:54,(anonymous_4)
FN:58,(anonymous_5)
FN:58,(anonymous_6)
FN:64,(anonymous_7)
FN:64,(anonymous_8)
FNF:7
FNH:1
FNDA:9,(anonymous_2)
FNDA:0,(anonymous_3)
FNDA:0,(anonymous_4)
FNDA:0,(anonymous_5)
FNDA:0,(anonymous_6)
FNDA:0,(anonymous_7)
FNDA:0,(anonymous_8)
DA:1,9
DA:11,9
DA:12,9
DA:13,9
DA:15,9
DA:16,9
DA:17,9
DA:18,9
DA:19,9
DA:24,9
DA:26,9
DA:30,9
DA:34,9
DA:38,9
DA:41,9
DA:44,9
DA:48,9
DA:52,9
DA:54,0
DA:55,9
DA:58,0
DA:62,9
DA:64,0
DA:65,9
DA:68,9
LF:25
LH:22
BRDA:15,0,0,9
BRDA:15,0,1,9
BRF:2
BRH:2
end_of_record
TN:
SF:backend/src/appointments/entities/availability-rule.entity.ts
FNF:0
FNH:0
DA:1,2
DA:8,2
DA:10,2
DA:14,2
DA:18,2
DA:22,2
DA:26,2
DA:29,2
LF:8
LH:8
BRF:0
BRH:0
end_of_record
TN:
SF:backend/src/appointments/entities/index.ts
FN:1,(anonymous_0)
FN:1,(anonymous_1)
FN:2,(anonymous_2)
FN:3,(anonymous_3)
FN:4,(anonymous_4)
FNF:5
FNH:5
FNDA:7,(anonymous_0)
FNDA:4,(anonymous_1)
FNDA:7,(anonymous_2)
FNDA:1,(anonymous_3)
FNDA:1,(anonymous_4)
DA:1,9
DA:2,9
DA:3,3
DA:4,3
LF:4
LH:4
BRF:0
BRH:0
end_of_record
TN:
SF:backend/src/appointments/entities/time-off.entity.ts
FNF:0
FNH:0
DA:1,2
DA:8,2
DA:10,2
DA:13,2
DA:16,2
DA:19,2
DA:22,2
LF:7
LH:7
BRF:0
BRH:0
end_of_record
TN:
SF:backend/src/appointments/events/appointment-created.event.ts
FN:6,(anonymous_0)
FNF:1
FNH:0
FNDA:0,(anonymous_0)
DA:3,2
DA:5,2
DA:6,0
LF:3
LH:2
BRF:0
BRH:0
end_of_record
TN:
SF:backend/src/appointments/helpers/time.helper.ts
FN:2,(anonymous_0)
FN:8,(anonymous_1)
FN:15,(anonymous_2)
FNF:3
FNH:3
FNDA:9,(anonymous_0)
FNDA:10,(anonymous_1)
FNDA:9,(anonymous_2)
DA:2,2
DA:3,9
DA:4,9
DA:8,2
DA:9,10
DA:10,10
DA:11,10
DA:15,2
DA:20,9
LF:9
LH:9
BRDA:20,0,0,9
BRDA:20,0,1,8
BRF:2
BRH:2
end_of_record
TN:
SF:backend/src/auth/auth.controller.ts
FN:19,(anonymous_4)
FN:26,(anonymous_5)
FN:33,(anonymous_6)
FN:41,(anonymous_7)
FN:49,(anonymous_8)
FN:57,(anonymous_9)
FN:66,(anonymous_10)
FNF:7
FNH:7
FNDA:6,(anonymous_4)
FNDA:1,(anonymous_5)
FNDA:1,(anonymous_6)
FNDA:1,(anonymous_7)
FNDA:1,(anonymous_8)
FNDA:1,(anonymous_9)
FNDA:1,(anonymous_10)
DA:1,1
DA:2,1
DA:3,1
DA:5,1
DA:6,1
DA:7,1
DA:14,1
DA:18,1
DA:19,6
DA:26,1
DA:27,1
DA:33,1
DA:34,1
DA:41,1
DA:42,1
DA:49,1
DA:50,1
DA:57,1
DA:58,1
DA:66,1
DA:67,1
LF:21
LH:21
BRF:0
BRH:0
end_of_record
TN:
SF:backend/src/auth/auth.module.ts
FN:23,(anonymous_1)
FNF:1
FNH:0
FNDA:0,(anonymous_1)
DA:1,0
DA:2,0
DA:3,0
DA:4,0
DA:5,0
DA:7,0
DA:8,0
DA:9,0
DA:10,0
DA:11,0
DA:23,0
DA:33,0
LF:12
LH:0
BRDA:26,0,0,0
BRDA:26,0,1,0
BRF:2
BRH:0
end_of_record
TN:
SF:backend/src/auth/auth.service.ts
FN:24,(anonymous_13)
FN:33,(anonymous_14)
FN:45,(anonymous_15)
FN:71,(anonymous_16)
FN:124,(anonymous_17)
FN:129,(anonymous_18)
FN:143,(anonymous_19)
FN:170,(anonymous_20)
FN:187,(anonymous_21)
FNF:9
FNH:6
FNDA:9,(anonymous_13)
FNDA:1,(anonymous_14)
FNDA:4,(anonymous_15)
FNDA:4,(anonymous_16)
FNDA:0,(anonymous_17)
FNDA:0,(anonymous_18)
FNDA:0,(anonymous_19)
FNDA:4,(anonymous_20)
FNDA:4,(anonymous_21)
DA:1,2
DA:2,2
DA:3,2
DA:4,2
DA:5,2
DA:7,2
DA:8,2
DA:10,2
DA:17,2
DA:23,2
DA:26,9
DA:27,9
DA:28,9
DA:30,9
DA:34,1
DA:36,1
DA:40,1
DA:42,1
DA:46,4
DA:58,4
DA:59,3
DA:60,1
DA:61,2
DA:62,1
DA:64,1
DA:72,4
DA:74,4
DA:75,4
DA:79,3
DA:81,1
DA:84,3
DA:85,1
DA:89,2
DA:90,2
DA:93,2
DA:96,2
DA:98,1
DA:99,1
DA:103,1
DA:106,1
DA:115,1
DA:118,2
DA:119,0
DA:121,2
DA:125,0
DA:130,0
DA:131,0
DA:132,0
DA:134,0
DA:135,0
DA:138,0
DA:139,0
DA:144,0
DA:149,0
DA:150,0
DA:154,0
DA:155,0
DA:158,0
DA:162,0
DA:171,4
DA:174,4
DA:181,4
DA:188,4
LF:63
LH:47
BRDA:58,0,0,1
BRDA:59,1,0,1
BRDA:61,2,0,1
BRDA:84,3,0,1
BRDA:84,4,0,3
BRDA:84,4,1,3
BRDA:93,5,0,2
BRDA:93,5,1,2
BRDA:96,6,0,1
BRDA:96,6,1,1
BRDA:98,7,0,1
BRDA:98,8,0,1
BRDA:98,8,1,0
BRDA:101,9,0,1
BRDA:101,9,1,1
BRDA:101,9,2,0
BRDA:108,10,0,1
BRDA:108,10,1,0
BRDA:110,11,0,1
BRDA:110,11,1,0
BRDA:118,12,0,0
BRDA:131,13,0,0
BRDA:132,14,0,0
BRDA:132,15,0,0
BRDA:132,15,1,0
BRDA:134,16,0,0
BRDA:149,17,0,0
BRDA:154,18,0,0
BRDA:174,19,0,3
BRDA:174,19,1,1
BRF:30
BRH:18
end_of_record
TN:
SF:backend/src/auth/google-oauth.provider.ts
FN:10,(anonymous_0)
FNF:1
FNH:0
FNDA:0,(anonymous_0)
DA:1,2
DA:2,2
DA:5,2
DA:7,2
DA:11,0
LF:5
LH:4
BRF:0
BRH:0
end_of_record
TN:
SF:backend/src/auth/decorators/auth.decorator.ts
FN:14,Auth
FNF:1
FNH:1
FNDA:12,Auth
DA:1,4
DA:2,4
DA:5,4
DA:6,4
DA:14,4
DA:15,12
LF:6
LH:6
BRF:0
BRH:0
end_of_record
TN:
SF:backend/src/auth/decorators/get-user.decorator.ts
FN:13,(anonymous_0)
FNF:1
FNH:0
FNDA:0,(anonymous_0)
DA:1,4
DA:12,4
DA:14,0
DA:15,0
DA:17,0
DA:18,0
DA:22,0
LF:7
LH:2
BRDA:17,0,0,0
BRDA:22,1,0,0
BRDA:22,1,1,0
BRF:3
BRH:0
end_of_record
TN:
SF:backend/src/auth/decorators/index.ts
FN:1,(anonymous_0)
FN:2,(anonymous_1)
FN:3,(anonymous_2)
FN:3,(anonymous_3)
FNF:4
FNH:2
FNDA:12,(anonymous_0)
FNDA:3,(anonymous_1)
FNDA:0,(anonymous_2)
FNDA:0,(anonymous_3)
DA:1,16
DA:2,7
DA:3,4
LF:3
LH:3
BRF:0
BRH:0
end_of_record
TN:
SF:backend/src/auth/decorators/role-protected.decorator.ts
FN:9,(anonymous_0)
FNF:1
FNH:1
FNDA:12,(anonymous_0)
DA:1,5
DA:6,5
DA:9,5
DA:10,12
LF:4
LH:4
BRF:0
BRH:0
end_of_record
TN:
SF:backend/src/auth/dto/change-password.dto.ts
FNF:0
FNH:0
DA:1,1
DA:3,1
DA:5,1
DA:14,1
LF:4
LH:4
BRF:0
BRH:0
end_of_record
TN:
SF:backend/src/auth/dto/create-user.dto.ts
FNF:0
FNH:0
DA:1,2
DA:10,2
DA:13,2
DA:22,2
DA:26,2
DA:30,2
LF:6
LH:6
BRF:0
BRH:0
end_of_record
TN:
SF:backend/src/auth/dto/google-login.dto.ts
FNF:0
FNH:0
DA:1,1
DA:3,1
DA:7,1
LF:3
LH:3
BRF:0
BRH:0
end_of_record
TN:
SF:backend/src/auth/dto/index.ts
FN:1,(anonymous_0)
FN:2,(anonymous_1)
FN:3,(anonymous_2)
FN:4,(anonymous_3)
FN:5,(anonymous_4)
FNF:5
FNH:5
FNDA:1,(anonymous_0)
FNDA:1,(anonymous_1)
FNDA:1,(anonymous_2)
FNDA:1,(anonymous_3)
FNDA:1,(anonymous_4)
DA:1,2
DA:2,2
DA:3,2
DA:4,2
DA:5,2
LF:5
LH:5
BRF:0
BRH:0
end_of_record
TN:
SF:backend/src/auth/dto/login-user.dto.ts
FNF:0
FNH:0
DA:1,1
DA:3,1
DA:6,1
DA:11,1
LF:4
LH:4
BRF:0
BRH:0
end_of_record
TN:
SF:backend/src/auth/dto/update-profile.dto.ts
FNF:0
FNH:0
DA:1,1
DA:3,1
DA:8,1
DA:13,1
LF:4
LH:4
BRF:0
BRH:0
end_of_record
TN:
SF:backend/src/auth/entities/user.entity.ts
FN:48,(anonymous_2)
FN:53,(anonymous_3)
FN:44,(anonymous_4)
FN:44,(anonymous_5)
FNF:4
FNH:0
FNDA:0,(anonymous_2)
FNDA:0,(anonymous_3)
FNDA:0,(anonymous_4)
FNDA:0,(anonymous_5)
DA:1,9
DA:10,9
DA:13,9
DA:15,9
DA:18,9
DA:22,9
DA:25,9
DA:28,9
DA:32,9
DA:36,9
DA:39,9
DA:42,9
DA:44,0
DA:45,9
DA:48,9
DA:49,0
DA:53,9
DA:54,0
LF:18
LH:15
BRF:0
BRH:0
end_of_record
TN:
SF:backend/src/auth/guards/user-role.guard.ts
FN:16,(anonymous_2)
FN:18,(anonymous_3)
FN:33,(anonymous_4)
FNF:3
FNH:3
FNDA:25,(anonymous_2)
FNDA:4,(anonymous_3)
FNDA:2,(anonymous_4)
DA:1,5
DA:8,5
DA:11,5
DA:15,5
DA:16,25
DA:21,4
DA:27,4
DA:29,3
DA:31,3
DA:33,2
DA:35,1
LF:11
LH:11
BRDA:27,0,0,1
BRDA:27,1,0,4
BRDA:27,1,1,3
BRDA:31,2,0,1
BRDA:33,3,0,1
BRF:5
BRH:5
end_of_record
TN:
SF:backend/src/auth/interfaces/index.ts
FN:1,(anonymous_0)
FNF:1
FNH:1
FNDA:9,(anonymous_0)
DA:1,12
LF:1
LH:1
BRF:0
BRH:0
end_of_record
TN:
SF:backend/src/auth/interfaces/valid-roles.ts
FN:1,(anonymous_0)
FNF:1
FNH:1
FNDA:4,(anonymous_0)
DA:1,4
DA:2,4
DA:3,4
LF:3
LH:3
BRDA:1,0,0,4
BRDA:1,0,1,4
BRF:2
BRH:2
end_of_record
TN:
SF:backend/src/auth/strategies/jwt.strategy.ts
FN:13,(anonymous_4)
FN:28,(anonymous_5)
FNF:2
FNH:2
FNDA:3,(anonymous_4)
FNDA:3,(anonymous_5)
DA:1,1
DA:2,1
DA:3,1
DA:4,1
DA:5,1
DA:6,1
DA:8,1
DA:12,1
DA:15,3
DA:18,3
DA:29,3
DA:31,3
DA:33,3
DA:35,2
DA:36,1
DA:40,1
LF:16
LH:16
BRDA:33,0,0,1
BRDA:35,1,0,1
BRF:2
BRH:2
end_of_record
TN:
SF:backend/src/catalog/catalog.controller.ts
FN:28,(anonymous_4)
FN:32,(anonymous_5)
FN:40,(anonymous_6)
FN:45,(anonymous_7)
FN:52,(anonymous_8)
FN:59,(anonymous_9)
FN:69,(anonymous_10)
FNF:7
FNH:7
FNDA:6,(anonymous_4)
FNDA:1,(anonymous_5)
FNDA:1,(anonymous_6)
FNDA:1,(anonymous_7)
FNDA:1,(anonymous_8)
FNDA:1,(anonymous_9)
FNDA:1,(anonymous_10)
DA:1,1
DA:13,1
DA:14,1
DA:16,1
DA:17,1
DA:18,1
DA:19,1
DA:20,1
DA:27,1
DA:28,6
DA:32,1
DA:33,1
DA:40,1
DA:41,1
DA:45,1
DA:46,1
DA:52,1
DA:53,1
DA:59,1
DA:63,1
DA:69,1
DA:70,1
LF:22
LH:22
BRF:0
BRH:0
end_of_record
TN:
SF:backend/src/catalog/catalog.module.ts
FNF:0
FNH:0
DA:1,0
DA:2,0
DA:4,0
DA:5,0
DA:6,0
DA:7,0
DA:15,0
LF:7
LH:0
BRF:0
BRH:0
end_of_record
TN:
SF:backend/src/catalog/catalog.service.ts
FN:34,(anonymous_4)
FN:42,(anonymous_5)
FN:46,(anonymous_6)
FN:67,(anonymous_7)
FN:94,(anonymous_8)
FN:107,(anonymous_9)
FN:112,(anonymous_10)
FN:114,(anonymous_11)
FN:131,(anonymous_12)
FN:137,(anonymous_13)
FN:148,(anonymous_14)
FN:162,(anonymous_15)
FNF:12
FNH:12
FNDA:16,(anonymous_4)
FNDA:4,(anonymous_5)
FNDA:24,(anonymous_6)
FNDA:8,(anonymous_7)
FNDA:2,(anonymous_8)
FNDA:20,(anonymous_9)
FNDA:1,(anonymous_10)
FNDA:15,(anonymous_11)
FNDA:5,(anonymous_12)
FNDA:1,(anonymous_13)
FNDA:3,(anonymous_14)
FNDA:2,(anonymous_15)
DA:1,2
DA:2,2
DA:3,2
DA:5,2
DA:8,2
DA:10,2
DA:33,2
DA:36,16
DA:38,16
DA:43,4
DA:47,24
DA:80,8
DA:82,8
DA:86,8
DA:87,6
DA:92,8
DA:94,2
DA:96,8
DA:97,1
DA:100,8
DA:102,8
DA:103,8
DA:104,8
DA:106,8
DA:107,20
DA:111,8
DA:112,1
DA:114,7
DA:115,15
DA:119,8
DA:120,8
DA:122,8
DA:132,5
DA:133,5
DA:134,4
DA:138,1
DA:139,1
DA:143,1
DA:144,1
DA:145,1
DA:149,3
DA:150,3
DA:155,3
DA:157,2
DA:158,2
DA:159,2
DA:163,2
DA:164,2
DA:166,1
DA:167,1
LF:50
LH:50
BRDA:57,0,0,24
BRDA:57,0,1,23
BRDA:69,1,0,6
BRDA:69,2,0,6
BRDA:72,3,0,7
BRDA:73,4,0,7
BRDA:79,5,0,7
BRDA:86,6,0,6
BRDA:96,7,0,1
BRDA:100,8,0,1
BRDA:103,9,0,0
BRDA:104,10,0,0
BRDA:111,11,0,1
BRDA:111,11,1,7
BRDA:133,12,0,1
BRDA:153,13,0,1
BRDA:153,13,1,2
BRDA:155,14,0,1
BRDA:164,15,0,1
BRF:19
BRH:17
end_of_record
TN:
SF:backend/src/catalog/dto/create-catalog-item.dto.ts
FN:19,(anonymous_2)
FNF:1
FNH:0
FNDA:0,(anonymous_2)
DA:1,1
DA:2,1
DA:10,1
DA:13,1
DA:19,0
DA:20,1
DA:24,1
DA:29,1
LF:8
LH:7
BRDA:19,0,0,0
BRDA:19,0,1,0
BRF:2
BRH:0
end_of_record
TN:
SF:backend/src/catalog/dto/index.ts
FN:1,(anonymous_0)
FN:2,(anonymous_1)
FNF:2
FNH:2
FNDA:1,(anonymous_0)
FNDA:1,(anonymous_1)
DA:1,2
DA:2,2
LF:2
LH:2
BRF:0
BRH:0
end_of_record
TN:
SF:backend/src/catalog/dto/update-catalog-item.dto.ts
FNF:0
FNH:0
DA:1,1
DA:3,1
DA:5,1
LF:3
LH:3
BRF:0
BRH:0
end_of_record
TN:
SF:backend/src/catalog/entities/catalog-item.entity.ts
FN:23,(anonymous_2)
FNF:1
FNH:0
FNDA:0,(anonymous_2)
DA:1,2
DA:10,2
DA:18,2
DA:20,2
DA:23,0
DA:29,2
DA:33,2
DA:37,2
DA:41,2
DA:44,2
LF:10
LH:9
BRF:0
BRH:0
end_of_record
TN:
SF:backend/src/common/common.module.ts
FNF:0
FNH:0
DA:1,0
DA:2,0
DA:3,0
DA:5,0
DA:6,0
DA:7,0
DA:25,0
LF:7
LH:0
BRF:0
BRH:0
end_of_record
TN:
SF:backend/src/common/dtos/pagination.dto.ts
FN:12,(anonymous_2)
FN:17,(anonymous_3)
FN:36,(anonymous_4)
FN:41,(anonymous_5)
FNF:4
FNH:0
FNDA:0,(anonymous_2)
FNDA:0,(anonymous_3)
FNDA:0,(anonymous_4)
FNDA:0,(anonymous_5)
DA:1,2
DA:2,2
DA:9,2
DA:12,0
DA:13,2
DA:17,0
DA:18,2
DA:22,2
DA:27,2
DA:32,2
DA:36,0
DA:37,2
DA:41,0
DA:42,2
DA:51,2
LF:15
LH:11
BRF:0
BRH:0
end_of_record
TN:
SF:backend/src/common/entities/idempotency-key.entity.ts
FN:34,(anonymous_2)
FNF:1
FNH:0
FNDA:0,(anonymous_2)
DA:1,1
DA:8,1
DA:11,1
DA:14,1
DA:17,1
DA:20,1
DA:24,1
DA:28,1
DA:32,1
DA:34,0
DA:35,1
LF:11
LH:10
BRF:0
BRH:0
end_of_record
TN:
SF:backend/src/common/filters/database-exception.filter.ts
FN:25,(anonymous_1)
FN:26,(anonymous_2)
FN:27,(anonymous_3)
FN:29,(anonymous_4)
FN:31,(anonymous_5)
FN:41,(anonymous_6)
FN:44,(anonymous_7)
FNF:7
FNH:5
FNDA:1,(anonymous_1)
FNDA:1,(anonymous_2)
FNDA:1,(anonymous_3)
FNDA:0,(anonymous_4)
FNDA:0,(anonymous_5)
FNDA:1,(anonymous_6)
FNDA:5,(anonymous_7)
DA:1,1
DA:12,1
DA:15,1
DA:24,1
DA:25,1
DA:26,1
DA:28,1
DA:30,0
DA:31,0
DA:41,1
DA:42,1
DA:45,5
DA:46,5
DA:51,5
DA:52,5
DA:54,5
DA:55,5
DA:56,1
DA:60,1
DA:67,4
DA:69,4
DA:71,4
LF:22
LH:20
BRDA:51,0,0,5
BRDA:51,0,1,0
BRDA:52,1,0,5
BRDA:52,1,1,4
BRDA:55,2,0,1
BRDA:67,3,0,1
BRDA:67,3,1,3
BRDA:69,4,0,1
BRDA:69,4,1,3
BRDA:69,5,0,4
BRDA:69,5,1,2
BRF:11
BRH:10
end_of_record
TN:
SF:backend/src/common/interceptors/idempotency.interceptor.ts
FN:39,(anonymous_4)
FN:45,(anonymous_5)
FN:82,(anonymous_6)
FN:92,(anonymous_7)
FN:94,(anonymous_8)
FN:96,(anonymous_9)
FN:105,(anonymous_10)
FN:123,(anonymous_11)
FNF:8
FNH:8
FNDA:9,(anonymous_4)
FNDA:9,(anonymous_5)
FNDA:2,(anonymous_6)
FNDA:2,(anonymous_7)
FNDA:1,(anonymous_8)
FNDA:1,(anonymous_9)
FNDA:7,(anonymous_10)
FNDA:3,(anonymous_11)
DA:1,1
DA:10,1
DA:11,1
DA:12,1
DA:14,1
DA:15,1
DA:16,1
DA:18,1
DA:20,1
DA:21,1
DA:23,1
DA:36,1
DA:37,9
DA:40,9
DA:42,9
DA:49,9
DA:52,9
DA:54,9
DA:56,8
DA:57,8
DA:58,7
DA:59,1
DA:62,6
DA:63,5
DA:65,4
DA:66,4
DA:74,1
DA:75,0
DA:76,0
DA:79,3
DA:81,3
DA:83,2
DA:92,2
DA:95,1
DA:97,1
DA:109,7
DA:110,7
DA:112,3
DA:114,1
DA:115,1
DA:116,1
DA:119,1
DA:124,3
DA:128,3
DA:129,2
LF:45
LH:43
BRDA:54,0,0,1
BRDA:57,1,0,1
BRDA:58,2,0,1
BRDA:63,3,0,1
BRDA:68,4,0,4
BRDA:68,4,1,0
BRDA:75,5,0,0
BRDA:87,6,0,2
BRDA:87,6,1,0
BRDA:110,7,0,4
BRDA:112,8,0,2
BRDA:114,9,0,1
BRDA:114,9,1,0
BRDA:119,10,0,1
BRDA:119,10,1,0
BRDA:128,11,0,1
BRDA:129,12,0,2
BRDA:129,12,1,0
BRF:18
BRH:12
end_of_record
TN:
SF:backend/src/files/files.controller.ts
FN:27,(anonymous_4)
FN:31,(anonymous_5)
FN:50,(anonymous_6)
FNF:3
FNH:3
FNDA:3,(anonymous_4)
FNDA:1,(anonymous_5)
FNDA:2,(anonymous_6)
DA:1,1
DA:11,1
DA:12,1
DA:15,1
DA:17,1
DA:18,1
DA:19,1
DA:20,1
DA:22,1
DA:26,1
DA:27,3
DA:31,1
DA:36,1
DA:37,1
DA:50,1
DA:51,2
DA:52,1
DA:56,1
DA:57,1
LF:19
LH:19
BRDA:51,0,0,1
BRF:1
BRH:1
end_of_record
TN:
SF:backend/src/files/files.module.ts
FNF:0
FNH:0
DA:1,0
DA:3,0
DA:5,0
DA:6,0
DA:7,0
DA:8,0
DA:11,0
DA:12,0
DA:20,0
LF:9
LH:0
BRDA:11,0,0,0
BRF:1
BRH:0
end_of_record
TN:
SF:backend/src/files/files.service.ts
FN:29,(anonymous_3)
FN:38,(anonymous_4)
FN:67,(anonymous_5)
FN:93,(anonymous_6)
FNF:4
FNH:4
FNDA:7,(anonymous_3)
FNDA:5,(anonymous_4)
FNDA:5,(anonymous_5)
FNDA:2,(anonymous_6)
DA:1,2
DA:2,2
DA:3,2
DA:4,2
DA:6,2
DA:12,2
DA:13,2
DA:15,2
DA:17,2
DA:26,2
DA:27,7
DA:30,7
DA:31,7
DA:39,5
DA:40,5
DA:42,5
DA:43,5
DA:44,3
DA:47,2
DA:48,2
DA:50,2
DA:51,2
DA:53,1
DA:54,1
DA:58,1
DA:70,5
DA:71,5
DA:81,4
DA:83,1
DA:84,1
DA:87,1
DA:88,1
DA:94,2
DA:95,2
DA:96,1
DA:98,1
LF:36
LH:36
BRDA:43,0,0,3
BRDA:50,1,0,2
BRDA:50,1,1,1
BRDA:53,2,0,1
BRDA:53,2,1,0
BRDA:56,3,0,1
BRDA:56,3,1,0
BRDA:83,4,0,1
BRDA:83,4,1,0
BRDA:87,5,0,1
BRDA:87,5,1,0
BRDA:95,6,0,1
BRF:12
BRH:8
end_of_record
TN:
SF:backend/src/files/helpers/file-filter.helper.ts
FN:6,(anonymous_0)
FNF:1
FNH:0
FNDA:0,(anonymous_0)
DA:3,1
DA:6,1
DA:11,0
DA:12,0
DA:13,0
LF:5
LH:2
BRDA:12,0,0,0
BRDA:12,1,0,0
BRDA:12,1,1,0
BRF:3
BRH:0
end_of_record
TN:
SF:backend/src/files/helpers/index.ts
FN:1,(anonymous_0)
FNF:1
FNH:1
FNDA:1,(anonymous_0)
DA:1,2
LF:1
LH:1
BRF:0
BRH:0
end_of_record
TN:
SF:backend/src/files/storage/supabase-storage.service.ts
FN:31,(anonymous_2)
FN:33,(anonymous_3)
FN:37,(anonymous_4)
FN:44,(anonymous_5)
FN:58,(anonymous_6)
FN:60,(anonymous_7)
FN:61,(anonymous_8)
FN:75,(anonymous_9)
FN:84,(anonymous_10)
FN:89,(anonymous_11)
FNF:10
FNH:9
FNDA:5,(anonymous_2)
FNDA:2,(anonymous_3)
FNDA:6,(anonymous_4)
FNDA:6,(anonymous_5)
FNDA:6,(anonymous_6)
FNDA:6,(anonymous_7)
FNDA:6,(anonymous_8)
FNDA:3,(anonymous_9)
FNDA:0,(anonymous_10)
FNDA:3,(anonymous_11)
DA:1,3
DA:3,3
DA:8,3
DA:23,3
DA:24,5
DA:25,5
DA:26,5
DA:27,5
DA:29,5
DA:31,5
DA:34,2
DA:43,6
DA:44,6
DA:45,6
DA:59,6
DA:60,6
DA:61,6
DA:62,6
DA:69,6
DA:70,6
DA:76,3
DA:77,3
DA:84,0
DA:85,3
DA:94,3
DA:96,3
DA:103,3
DA:104,1
DA:105,1
DA:110,2
LF:30
LH:29
BRDA:28,0,0,5
BRDA:28,0,1,4
BRDA:34,1,0,2
BRDA:34,1,1,1
BRDA:63,2,0,6
BRDA:63,2,1,0
BRDA:76,3,0,0
BRDA:103,4,0,1
BRDA:103,5,0,3
BRDA:103,5,1,3
BRF:10
BRH:8
end_of_record
TN:
SF:backend/src/mail/mail.module.ts
FNF:0
FNH:0
DA:1,0
DA:3,0
DA:4,0
DA:5,0
DA:6,0
DA:16,0
LF:6
LH:0
BRF:0
BRH:0
end_of_record
TN:
SF:backend/src/mail/mail.service.ts
FN:14,(anonymous_4)
FN:20,(anonymous_5)
FN:38,(anonymous_6)
FNF:3
FNH:3
FNDA:3,(anonymous_4)
FNDA:3,(anonymous_5)
FNDA:2,(anonymous_6)
DA:1,2
DA:2,2
DA:5,2
DA:6,2
DA:13,2
DA:15,3
DA:16,3
DA:21,3
DA:22,3
DA:24,2
DA:29,2
DA:40,2
DA:41,2
DA:42,2
LF:14
LH:14
BRDA:22,0,0,1
BRDA:40,1,0,2
BRDA:40,1,1,1
BRF:3
BRH:3
end_of_record
TN:
SF:backend/src/mail/resend-mail-sender.service.ts
FN:16,(anonymous_2)
FN:24,(anonymous_3)
FNF:2
FNH:2
FNDA:4,(anonymous_2)
FNDA:4,(anonymous_3)
DA:1,1
DA:2,1
DA:3,1
DA:9,1
DA:10,4
DA:16,4
DA:17,4
DA:18,4
DA:19,4
DA:25,4
DA:26,1
DA:29,1
DA:32,3
DA:39,3
DA:42,1
LF:15
LH:15
BRDA:18,0,0,3
BRDA:18,0,1,1
BRDA:20,1,0,4
BRDA:20,1,1,3
BRDA:25,2,0,1
BRDA:39,3,0,1
BRF:6
BRH:6
end_of_record
TN:
SF:backend/src/mail/interfaces/mail-sender.interface.ts
FNF:0
FNH:0
DA:18,2
LF:1
LH:1
BRF:0
BRH:0
end_of_record
TN:
SF:backend/src/mail/listeners/appointment-created.listener.ts
FN:20,(anonymous_2)
FN:23,(anonymous_3)
FNF:2
FNH:2
FNDA:2,(anonymous_2)
FNDA:2,(anonymous_3)
DA:1,1
DA:2,1
DA:4,1
DA:8,1
DA:17,1
DA:18,2
DA:20,2
DA:23,1
DA:24,2
DA:25,2
DA:29,1
DA:30,1
LF:12
LH:12
BRDA:29,0,0,1
BRDA:29,0,1,0
BRF:2
BRH:1
end_of_record
TN:
SF:backend/src/mail/templates/new-appointment.template.ts
FN:13,(anonymous_0)
FN:18,(anonymous_1)
FN:22,(anonymous_2)
FN:32,(anonymous_3)
FNF:4
FNH:4
FNDA:4,(anonymous_0)
FNDA:4,(anonymous_1)
FNDA:2,(anonymous_2)
FNDA:2,(anonymous_3)
DA:3,2
DA:13,2
DA:14,4
DA:15,4
DA:18,2
DA:19,4
DA:22,2
DA:26,2
DA:28,2
DA:30,2
DA:33,2
DA:40,2
DA:67,2
LF:13
LH:13
BRDA:50,0,0,2
BRDA:50,0,1,0
BRDA:55,1,0,2
BRDA:55,1,1,0
BRF:4
BRH:2
end_of_record
TN:
SF:backend/src/services/services.controller.ts
FN:28,(anonymous_4)
FN:40,(anonymous_5)
FN:48,(anonymous_6)
FN:56,(anonymous_7)
FN:63,(anonymous_8)
FN:70,(anonymous_9)
FN:80,(anonymous_10)
FNF:7
FNH:7
FNDA:6,(anonymous_4)
FNDA:1,(anonymous_5)
FNDA:1,(anonymous_6)
FNDA:1,(anonymous_7)
FNDA:1,(anonymous_8)
FNDA:1,(anonymous_9)
FNDA:1,(anonymous_10)
DA:1,1
DA:13,1
DA:14,1
DA:16,1
DA:17,1
DA:18,1
DA:19,1
DA:20,1
DA:27,1
DA:28,6
DA:40,1
DA:41,1
DA:48,1
DA:49,1
DA:56,1
DA:57,1
DA:63,1
DA:64,1
DA:70,1
DA:74,1
DA:80,1
DA:81,1
LF:22
LH:22
BRF:0
BRH:0
end_of_record
TN:
SF:backend/src/services/services.module.ts
FNF:0
FNH:0
DA:1,0
DA:2,0
DA:4,0
DA:5,0
DA:6,0
DA:7,0
DA:15,0
LF:7
LH:0
BRF:0
BRH:0
end_of_record
TN:
SF:backend/src/services/services.service.ts
FN:17,(anonymous_4)
FN:25,(anonymous_5)
FN:29,(anonymous_6)
FN:43,(anonymous_7)
FN:60,(anonymous_8)
FN:80,(anonymous_9)
FN:82,(anonymous_10)
FN:100,(anonymous_11)
FN:111,(anonymous_12)
FN:125,(anonymous_13)
FNF:10
FNH:6
FNDA:8,(anonymous_4)
FNDA:0,(anonymous_5)
FNDA:0,(anonymous_6)
FNDA:6,(anonymous_7)
FNDA:2,(anonymous_8)
FNDA:1,(anonymous_9)
FNDA:28,(anonymous_10)
FNDA:2,(anonymous_11)
FNDA:0,(anonymous_12)
FNDA:0,(anonymous_13)
DA:1,2
DA:2,2
DA:3,2
DA:5,2
DA:6,2
DA:10,2
DA:11,2
DA:16,2
DA:19,8
DA:21,8
DA:26,0
DA:30,0
DA:31,0
DA:32,0
DA:33,0
DA:56,6
DA:58,6
DA:60,2
DA:63,6
DA:78,6
DA:79,6
DA:80,1
DA:82,5
DA:83,28
DA:87,6
DA:88,6
DA:89,6
DA:91,6
DA:101,2
DA:105,2
DA:106,1
DA:108,1
DA:112,0
DA:117,0
DA:118,0
DA:120,0
DA:121,0
DA:122,0
DA:126,0
DA:127,0
DA:128,0
LF:41
LH:27
BRDA:45,0,0,5
BRDA:45,1,0,5
BRDA:48,2,0,5
BRDA:49,3,0,3
BRDA:55,4,0,5
BRDA:65,5,0,1
BRDA:65,5,1,5
BRDA:66,6,0,0
BRDA:66,6,1,6
BRDA:67,7,0,1
BRDA:67,7,1,5
BRDA:79,8,0,1
BRDA:79,8,1,5
BRDA:101,9,0,0
BRDA:101,9,1,2
BRDA:105,10,0,1
BRDA:117,11,0,0
BRF:17
BRH:14
end_of_record
TN:
SF:backend/src/services/dto/create-service.dto.ts
FN:38,(anonymous_2)
FNF:1
FNH:1
FNDA:3,(anonymous_2)
DA:1,2
DA:2,2
DA:13,2
DA:16,2
DA:20,2
DA:24,2
DA:28,2
DA:32,2
DA:38,3
DA:39,2
DA:43,2
DA:48,2
LF:12
LH:12
BRDA:38,0,0,1
BRDA:38,0,1,2
BRF:2
BRH:2
end_of_record
TN:
SF:backend/src/services/dto/index.ts
FN:1,(anonymous_0)
FN:2,(anonymous_1)
FNF:2
FNH:2
FNDA:1,(anonymous_0)
FNDA:1,(anonymous_1)
DA:1,2
DA:2,2
LF:2
LH:2
BRF:0
BRH:0
end_of_record
TN:
SF:backend/src/services/dto/update-service.dto.ts
FNF:0
FNH:0
DA:1,1
DA:3,1
DA:5,1
LF:3
LH:3
BRF:0
BRH:0
end_of_record
TN:
SF:backend/src/services/entities/index.ts
FN:1,(anonymous_0)
FNF:1
FNH:0
FNDA:0,(anonymous_0)
DA:1,0
LF:1
LH:0
BRF:0
BRH:0
end_of_record
TN:
SF:backend/src/services/entities/service.entity.ts
FN:52,(anonymous_2)
FN:58,(anonymous_3)
FN:62,(anonymous_4)
FN:45,(anonymous_5)
FN:45,(anonymous_6)
FNF:5
FNH:0
FNDA:0,(anonymous_2)
FNDA:0,(anonymous_3)
FNDA:0,(anonymous_4)
FNDA:0,(anonymous_5)
FNDA:0,(anonymous_6)
DA:1,9
DA:11,9
DA:14,9
DA:16,9
DA:19,9
DA:22,9
DA:25,9
DA:28,9
DA:32,9
DA:36,9
DA:39,9
DA:43,9
DA:45,0
DA:46,9
DA:49,9
DA:52,9
DA:53,0
DA:54,0
DA:58,9
DA:59,0
DA:63,0
LF:21
LH:16
BRDA:53,0,0,0
BRDA:59,1,0,0
BRF:2
BRH:0
end_of_record
TN:
SF:backend/src/services/helpers/price-band.helper.ts
FN:22,priceBounds
FN:42,priceFilter
FNF:2
FNH:2
FNDA:22,priceBounds
FNDA:14,priceFilter
DA:1,5
DA:9,5
DA:22,5
DA:27,22
DA:28,22
DA:30,22
DA:31,3
DA:34,22
DA:42,5
DA:47,14
DA:49,14
DA:50,11
DA:51,9
DA:52,8
LF:14
LH:14
BRDA:30,0,0,3
BRDA:30,1,0,22
BRDA:30,1,1,4
BRDA:30,1,2,3
BRDA:49,2,0,3
BRDA:49,3,0,14
BRDA:49,3,1,5
BRDA:50,4,0,2
BRDA:51,5,0,1
BRF:9
BRH:9
end_of_record
